mode: set
api/src/controllers/login.go:19.14,21.2 1 1
api/src/controllers/login.go:24.52,27.64 2 1
api/src/controllers/login.go:31.2,32.17 2 1
api/src/controllers/login.go:36.2,41.17 4 1
api/src/controllers/login.go:47.2,47.79 1 1
api/src/controllers/login.go:53.2,54.17 2 1
api/src/controllers/login.go:58.2,60.90 3 1
api/src/controllers/login.go:27.64,30.3 2 1
api/src/controllers/login.go:32.17,35.3 2 0
api/src/controllers/login.go:41.17,44.3 2 1
api/src/controllers/login.go:47.79,51.3 3 1
api/src/controllers/login.go:54.17,57.3 2 0
api/src/controllers/publications.go:17.64,19.17 2 0
api/src/controllers/publications.go:24.2,25.70 2 0
api/src/controllers/publications.go:30.2,32.47 2 0
api/src/controllers/publications.go:37.2,38.17 2 0
api/src/controllers/publications.go:42.2,46.17 4 0
api/src/controllers/publications.go:51.2,51.55 1 0
api/src/controllers/publications.go:19.17,22.3 2 0
api/src/controllers/publications.go:25.70,28.3 2 0
api/src/controllers/publications.go:32.47,35.3 2 0
api/src/controllers/publications.go:38.17,41.3 2 0
api/src/controllers/publications.go:46.17,49.3 2 0
api/src/controllers/publications.go:54.61,56.17 2 0
api/src/controllers/publications.go:60.2,61.17 2 0
api/src/controllers/publications.go:66.2,71.17 4 0
api/src/controllers/publications.go:76.2,76.48 1 0
api/src/controllers/publications.go:56.17,58.3 1 0
api/src/controllers/publications.go:61.17,64.3 2 0
api/src/controllers/publications.go:71.17,74.3 2 0
api/src/controllers/publications.go:79.65,82.17 3 0
api/src/controllers/publications.go:87.2,88.17 2 0
api/src/controllers/publications.go:93.2,98.17 4 0
api/src/controllers/publications.go:103.2,103.47 1 0
api/src/controllers/publications.go:82.17,85.3 2 0
api/src/controllers/publications.go:88.17,91.3 2 0
api/src/controllers/publications.go:98.17,101.3 2 0
api/src/controllers/publications.go:106.64,108.17 2 0
api/src/controllers/publications.go:112.2,115.17 3 0
api/src/controllers/publications.go:120.2,121.17 2 0
api/src/controllers/publications.go:126.2,130.17 4 0
api/src/controllers/publications.go:135.2,135.36 1 0
api/src/controllers/publications.go:140.2,141.70 2 0
api/src/controllers/publications.go:146.2,146.47 1 0
api/src/controllers/publications.go:151.2,151.71 1 0
api/src/controllers/publications.go:156.2,156.46 1 0
api/src/controllers/publications.go:108.17,110.3 1 0
api/src/controllers/publications.go:115.17,118.3 2 0
api/src/controllers/publications.go:121.17,124.3 2 0
api/src/controllers/publications.go:130.17,133.3 2 0
api/src/controllers/publications.go:135.36,138.3 2 0
api/src/controllers/publications.go:141.70,144.3 2 0
api/src/controllers/publications.go:146.47,149.3 2 0
api/src/controllers/publications.go:151.71,154.3 2 0
api/src/controllers/publications.go:159.64,161.17 2 0
api/src/controllers/publications.go:165.2,168.17 3 0
api/src/controllers/publications.go:173.2,174.17 2 0
api/src/controllers/publications.go:179.2,183.17 4 0
api/src/controllers/publications.go:188.2,188.36 1 0
api/src/controllers/publications.go:193.2,193.58 1 0
api/src/controllers/publications.go:198.2,198.46 1 0
api/src/controllers/publications.go:161.17,163.3 1 0
api/src/controllers/publications.go:168.17,171.3 2 0
api/src/controllers/publications.go:174.17,177.3 2 0
api/src/controllers/publications.go:183.17,186.3 2 0
api/src/controllers/publications.go:188.36,191.3 2 0
api/src/controllers/publications.go:193.58,196.3 2 0
api/src/controllers/publications.go:201.69,204.17 3 0
api/src/controllers/publications.go:209.2,210.17 2 0
api/src/controllers/publications.go:214.2,219.17 4 0
api/src/controllers/publications.go:224.2,224.48 1 0
api/src/controllers/publications.go:204.17,207.3 2 0
api/src/controllers/publications.go:210.17,212.3 1 0
api/src/controllers/publications.go:219.17,222.3 2 0
api/src/controllers/publications.go:227.62,230.17 3 0
api/src/controllers/publications.go:235.2,236.17 2 0
api/src/controllers/publications.go:240.2,243.67 3 0
api/src/controllers/publications.go:248.2,248.46 1 0
api/src/controllers/publications.go:230.17,233.3 2 0
api/src/controllers/publications.go:236.17,238.3 1 0
api/src/controllers/publications.go:243.67,246.3 2 0
api/src/controllers/publications.go:251.65,254.17 3 0
api/src/controllers/publications.go:259.2,260.17 2 0
api/src/controllers/publications.go:264.2,267.70 3 0
api/src/controllers/publications.go:272.2,272.46 1 0
api/src/controllers/publications.go:254.17,257.3 2 0
api/src/controllers/publications.go:260.17,262.3 1 0
api/src/controllers/publications.go:267.70,270.3 2 0
api/src/controllers/users.go:24.52,26.2 1 1
api/src/controllers/users.go:29.77,31.64 2 1
api/src/controllers/users.go:37.2,37.49 1 1
api/src/controllers/users.go:45.2,48.17 3 1
api/src/controllers/users.go:53.2,53.43 1 1
api/src/controllers/users.go:31.64,34.3 2 0
api/src/controllers/users.go:37.49,40.3 2 1
api/src/controllers/users.go:48.17,51.3 2 1
api/src/controllers/users.go:57.55,62.17 3 0
api/src/controllers/users.go:66.2,71.17 4 0
api/src/controllers/users.go:76.2,76.41 1 0
api/src/controllers/users.go:62.17,65.3 2 0
api/src/controllers/users.go:71.17,74.3 2 0
api/src/controllers/users.go:79.58,82.17 3 0
api/src/controllers/users.go:87.2,88.17 2 0
api/src/controllers/users.go:92.2,97.17 4 0
api/src/controllers/users.go:102.2,102.40 1 0
api/src/controllers/users.go:82.17,85.3 2 0
api/src/controllers/users.go:88.17,91.3 2 0
api/src/controllers/users.go:97.17,100.3 2 0
api/src/controllers/users.go:105.57,108.17 3 0
api/src/controllers/users.go:113.2,115.17 2 0
api/src/controllers/users.go:121.2,121.25 1 0
api/src/controllers/users.go:126.2,127.64 2 0
api/src/controllers/users.go:132.2,132.48 1 0
api/src/controllers/users.go:137.2,138.17 2 0
api/src/controllers/users.go:142.2,145.53 3 0
api/src/controllers/users.go:151.2,151.46 1 0
api/src/controllers/users.go:108.17,111.3 2 0
api/src/controllers/users.go:115.17,118.3 2 0
api/src/controllers/users.go:121.25,124.3 2 0
api/src/controllers/users.go:127.64,130.3 2 0
api/src/controllers/users.go:132.48,135.3 2 0
api/src/controllers/users.go:138.17,141.3 2 0
api/src/controllers/users.go:145.53,148.3 2 0
api/src/controllers/users.go:154.57,157.17 3 0
api/src/controllers/users.go:162.2,163.17 2 0
api/src/controllers/users.go:168.2,168.25 1 0
api/src/controllers/users.go:173.2,174.17 2 0
api/src/controllers/users.go:178.2,181.47 3 0
api/src/controllers/users.go:186.2,186.46 1 0
api/src/controllers/users.go:157.17,160.3 2 0
api/src/controllers/users.go:163.17,166.3 2 0
api/src/controllers/users.go:168.25,171.3 2 0
api/src/controllers/users.go:174.17,177.3 2 0
api/src/controllers/users.go:181.47,184.3 2 0
api/src/controllers/users.go:189.57,192.17 2 0
api/src/controllers/users.go:197.2,199.17 3 0
api/src/controllers/users.go:204.2,204.30 1 0
api/src/controllers/users.go:209.2,210.17 2 0
api/src/controllers/users.go:214.2,217.67 3 0
api/src/controllers/users.go:222.2,222.46 1 0
api/src/controllers/users.go:192.17,195.3 2 0
api/src/controllers/users.go:199.17,202.3 2 0
api/src/controllers/users.go:204.30,207.3 2 0
api/src/controllers/users.go:210.17,213.3 2 0
api/src/controllers/users.go:217.67,220.3 2 0
api/src/controllers/users.go:225.59,228.17 2 0
api/src/controllers/users.go:233.2,235.17 3 0
api/src/controllers/users.go:240.2,240.30 1 0
api/src/controllers/users.go:245.2,246.17 2 0
api/src/controllers/users.go:250.2,253.69 3 0
api/src/controllers/users.go:258.2,258.46 1 0
api/src/controllers/users.go:228.17,231.3 2 0
api/src/controllers/users.go:235.17,238.3 2 0
api/src/controllers/users.go:240.30,243.3 2 0
api/src/controllers/users.go:246.17,249.3 2 0
api/src/controllers/users.go:253.69,256.3 2 0
api/src/controllers/users.go:261.59,265.17 3 0
api/src/controllers/users.go:270.2,271.17 2 0
api/src/controllers/users.go:275.2,280.17 4 0
api/src/controllers/users.go:285.2,285.45 1 0
api/src/controllers/users.go:265.17,268.3 2 0
api/src/controllers/users.go:271.17,274.3 2 0
api/src/controllers/users.go:280.17,283.3 2 0
api/src/controllers/users.go:288.60,292.17 3 0
api/src/controllers/users.go:297.2,298.17 2 0
api/src/controllers/users.go:303.2,307.17 4 0
api/src/controllers/users.go:312.2,312.45 1 0
api/src/controllers/users.go:292.17,295.3 2 0
api/src/controllers/users.go:298.17,301.3 2 0
api/src/controllers/users.go:307.17,310.3 2 0
api/src/controllers/users.go:315.61,317.17 2 0
api/src/controllers/users.go:322.2,324.17 3 0
api/src/controllers/users.go:329.2,329.41 1 0
api/src/controllers/users.go:334.2,335.68 2 0
api/src/controllers/users.go:340.2,341.17 2 0
api/src/controllers/users.go:345.2,350.17 4 0
api/src/controllers/users.go:356.2,356.84 1 0
api/src/controllers/users.go:362.2,363.17 2 0
api/src/controllers/users.go:369.2,369.92 1 0
api/src/controllers/users.go:374.2,374.46 1 0
api/src/controllers/users.go:317.17,320.3 2 0
api/src/controllers/users.go:324.17,327.3 2 0
api/src/controllers/users.go:329.41,332.3 2 0
api/src/controllers/users.go:335.68,338.3 2 0
api/src/controllers/users.go:341.17,344.3 2 0
api/src/controllers/users.go:350.17,353.3 2 0
api/src/controllers/users.go:356.84,359.3 2 0
api/src/controllers/users.go:363.17,366.3 2 0
api/src/controllers/users.go:369.92,372.3 2 0
