mode: set
api/src/controllers/login.go:19.14,21.2 1 1
api/src/controllers/login.go:24.52,27.64 2 1
api/src/controllers/login.go:31.2,32.17 2 1
api/src/controllers/login.go:36.2,41.17 4 1
api/src/controllers/login.go:47.2,47.79 1 1
api/src/controllers/login.go:53.2,54.17 2 1
api/src/controllers/login.go:58.2,60.90 3 1
api/src/controllers/login.go:27.64,30.3 2 1
api/src/controllers/login.go:32.17,35.3 2 0
api/src/controllers/login.go:41.17,44.3 2 1
api/src/controllers/login.go:47.79,51.3 3 1
api/src/controllers/login.go:54.17,57.3 2 0
api/src/controllers/publications.go:17.64,19.17 2 0
api/src/controllers/publications.go:24.2,25.70 2 0
api/src/controllers/publications.go:30.2,32.47 2 0
api/src/controllers/publications.go:37.2,38.17 2 0
api/src/controllers/publications.go:42.2,46.17 4 0
api/src/controllers/publications.go:51.2,51.55 1 0
api/src/controllers/publications.go:19.17,22.3 2 0
api/src/controllers/publications.go:25.70,28.3 2 0
api/src/controllers/publications.go:32.47,35.3 2 0
api/src/controllers/publications.go:38.17,41.3 2 0
api/src/controllers/publications.go:46.17,49.3 2 0
api/src/controllers/publications.go:54.61,56.17 2 0
api/src/controllers/publications.go:60.2,61.17 2 0
api/src/controllers/publications.go:66.2,71.17 4 0
api/src/controllers/publications.go:76.2,76.48 1 0
api/src/controllers/publications.go:56.17,58.3 1 0
api/src/controllers/publications.go:61.17,64.3 2 0
api/src/controllers/publications.go:71.17,74.3 2 0
api/src/controllers/publications.go:79.65,82.17 3 0
api/src/controllers/publications.go:87.2,88.17 2 0
api/src/controllers/publications.go:93.2,98.17 4 0
api/src/controllers/publications.go:103.2,103.47 1 0
api/src/controllers/publications.go:82.17,85.3 2 0
api/src/controllers/publications.go:88.17,91.3 2 0
api/src/controllers/publications.go:98.17,101.3 2 0
api/src/controllers/publications.go:106.64,108.17 2 0
api/src/controllers/publications.go:112.2,115.17 3 0
api/src/controllers/publications.go:120.2,121.17 2 0
api/src/controllers/publications.go:126.2,130.17 4 0
api/src/controllers/publications.go:135.2,135.36 1 0
api/src/controllers/publications.go:140.2,141.70 2 0
api/src/controllers/publications.go:146.2,146.47 1 0
api/src/controllers/publications.go:151.2,151.71 1 0
api/src/controllers/publications.go:156.2,156.46 1 0
api/src/controllers/publications.go:108.17,110.3 1 0
api/src/controllers/publications.go:115.17,118.3 2 0
api/src/controllers/publications.go:121.17,124.3 2 0
api/src/controllers/publications.go:130.17,133.3 2 0
api/src/controllers/publications.go:135.36,138.3 2 0
api/src/controllers/publications.go:141.70,144.3 2 0
api/src/controllers/publications.go:146.47,149.3 2 0
api/src/controllers/publications.go:151.71,154.3 2 0
api/src/controllers/publications.go:159.64,161.17 2 0
api/src/controllers/publications.go:165.2,168.17 3 0
api/src/controllers/publications.go:173.2,174.17 2 0
api/src/controllers/publications.go:179.2,183.17 4 0
api/src/controllers/publications.go:188.2,188.36 1 0
api/src/controllers/publications.go:193.2,193.58 1 0
api/src/controllers/publications.go:198.2,198.46 1 0
api/src/controllers/publications.go:161.17,163.3 1 0
api/src/controllers/publications.go:168.17,171.3 2 0
api/src/controllers/publications.go:174.17,177.3 2 0
api/src/controllers/publications.go:183.17,186.3 2 0
api/src/controllers/publications.go:188.36,191.3 2 0
api/src/controllers/publications.go:193.58,196.3 2 0
api/src/controllers/publications.go:201.69,204.17 3 0
api/src/controllers/publications.go:209.2,210.17 2 0
api/src/controllers/publications.go:214.2,219.17 4 0
api/src/controllers/publications.go:224.2,224.48 1 0
api/src/controllers/publications.go:204.17,207.3 2 0
api/src/controllers/publications.go:210.17,212.3 1 0
api/src/controllers/publications.go:219.17,222.3 2 0
api/src/controllers/publications.go:227.62,230.17 3 0
api/src/controllers/publications.go:235.2,236.17 2 0
api/src/controllers/publications.go:240.2,243.67 3 0
api/src/controllers/publications.go:248.2,248.46 1 0
api/src/controllers/publications.go:230.17,233.3 2 0
api/src/controllers/publications.go:236.17,238.3 1 0
api/src/controllers/publications.go:243.67,246.3 2 0
api/src/controllers/publications.go:251.65,254.17 3 0
api/src/controllers/publications.go:259.2,260.17 2 0
api/src/controllers/publications.go:264.2,267.70 3 0
api/src/controllers/publications.go:272.2,272.46 1 0
api/src/controllers/publications.go:254.17,257.3 2 0
api/src/controllers/publications.go:260.17,262.3 1 0
api/src/controllers/publications.go:267.70,270.3 2 0
api/src/controllers/users.go:20.57,22.64 2 0
api/src/controllers/users.go:28.2,28.49 1 0
api/src/controllers/users.go:34.2,35.17 2 0
api/src/controllers/users.go:39.2,45.17 4 0
api/src/controllers/users.go:50.2,50.43 1 0
api/src/controllers/users.go:22.64,25.3 2 0
api/src/controllers/users.go:28.49,31.3 2 0
api/src/controllers/users.go:35.17,38.3 2 0
api/src/controllers/users.go:45.17,48.3 2 0
api/src/controllers/users.go:54.55,59.17 3 0
api/src/controllers/users.go:63.2,68.17 4 0
api/src/controllers/users.go:73.2,73.41 1 0
api/src/controllers/users.go:59.17,62.3 2 0
api/src/controllers/users.go:68.17,71.3 2 0
api/src/controllers/users.go:76.58,79.17 3 0
api/src/controllers/users.go:84.2,85.17 2 0
api/src/controllers/users.go:89.2,94.17 4 0
api/src/controllers/users.go:99.2,99.40 1 0
api/src/controllers/users.go:79.17,82.3 2 0
api/src/controllers/users.go:85.17,88.3 2 0
api/src/controllers/users.go:94.17,97.3 2 0
api/src/controllers/users.go:102.57,105.17 3 0
api/src/controllers/users.go:110.2,112.17 2 0
api/src/controllers/users.go:118.2,118.25 1 0
api/src/controllers/users.go:123.2,124.64 2 0
api/src/controllers/users.go:129.2,129.48 1 0
api/src/controllers/users.go:134.2,135.17 2 0
api/src/controllers/users.go:139.2,142.53 3 0
api/src/controllers/users.go:148.2,148.46 1 0
api/src/controllers/users.go:105.17,108.3 2 0
api/src/controllers/users.go:112.17,115.3 2 0
api/src/controllers/users.go:118.25,121.3 2 0
api/src/controllers/users.go:124.64,127.3 2 0
api/src/controllers/users.go:129.48,132.3 2 0
api/src/controllers/users.go:135.17,138.3 2 0
api/src/controllers/users.go:142.53,145.3 2 0
api/src/controllers/users.go:151.57,154.17 3 0
api/src/controllers/users.go:159.2,160.17 2 0
api/src/controllers/users.go:165.2,165.25 1 0
api/src/controllers/users.go:170.2,171.17 2 0
api/src/controllers/users.go:175.2,178.47 3 0
api/src/controllers/users.go:183.2,183.46 1 0
api/src/controllers/users.go:154.17,157.3 2 0
api/src/controllers/users.go:160.17,163.3 2 0
api/src/controllers/users.go:165.25,168.3 2 0
api/src/controllers/users.go:171.17,174.3 2 0
api/src/controllers/users.go:178.47,181.3 2 0
api/src/controllers/users.go:186.57,189.17 2 0
api/src/controllers/users.go:194.2,196.17 3 0
api/src/controllers/users.go:201.2,201.30 1 0
api/src/controllers/users.go:206.2,207.17 2 0
api/src/controllers/users.go:211.2,214.67 3 0
api/src/controllers/users.go:219.2,219.46 1 0
api/src/controllers/users.go:189.17,192.3 2 0
api/src/controllers/users.go:196.17,199.3 2 0
api/src/controllers/users.go:201.30,204.3 2 0
api/src/controllers/users.go:207.17,210.3 2 0
api/src/controllers/users.go:214.67,217.3 2 0
api/src/controllers/users.go:222.59,225.17 2 0
api/src/controllers/users.go:230.2,232.17 3 0
api/src/controllers/users.go:237.2,237.30 1 0
api/src/controllers/users.go:242.2,243.17 2 0
api/src/controllers/users.go:247.2,250.69 3 0
api/src/controllers/users.go:255.2,255.46 1 0
api/src/controllers/users.go:225.17,228.3 2 0
api/src/controllers/users.go:232.17,235.3 2 0
api/src/controllers/users.go:237.30,240.3 2 0
api/src/controllers/users.go:243.17,246.3 2 0
api/src/controllers/users.go:250.69,253.3 2 0
api/src/controllers/users.go:258.59,262.17 3 0
api/src/controllers/users.go:267.2,268.17 2 0
api/src/controllers/users.go:272.2,277.17 4 0
api/src/controllers/users.go:282.2,282.45 1 0
api/src/controllers/users.go:262.17,265.3 2 0
api/src/controllers/users.go:268.17,271.3 2 0
api/src/controllers/users.go:277.17,280.3 2 0
api/src/controllers/users.go:285.60,289.17 3 0
api/src/controllers/users.go:294.2,295.17 2 0
api/src/controllers/users.go:300.2,304.17 4 0
api/src/controllers/users.go:309.2,309.45 1 0
api/src/controllers/users.go:289.17,292.3 2 0
api/src/controllers/users.go:295.17,298.3 2 0
api/src/controllers/users.go:304.17,307.3 2 0
api/src/controllers/users.go:312.61,314.17 2 0
api/src/controllers/users.go:319.2,321.17 3 0
api/src/controllers/users.go:326.2,326.41 1 0
api/src/controllers/users.go:331.2,332.68 2 0
api/src/controllers/users.go:337.2,338.17 2 0
api/src/controllers/users.go:342.2,347.17 4 0
api/src/controllers/users.go:353.2,353.84 1 0
api/src/controllers/users.go:359.2,360.17 2 0
api/src/controllers/users.go:366.2,366.92 1 0
api/src/controllers/users.go:371.2,371.46 1 0
api/src/controllers/users.go:314.17,317.3 2 0
api/src/controllers/users.go:321.17,324.3 2 0
api/src/controllers/users.go:326.41,329.3 2 0
api/src/controllers/users.go:332.68,335.3 2 0
api/src/controllers/users.go:338.17,341.3 2 0
api/src/controllers/users.go:347.17,350.3 2 0
api/src/controllers/users.go:353.84,356.3 2 0
api/src/controllers/users.go:360.17,363.3 2 0
api/src/controllers/users.go:366.92,369.3 2 0
