mode: set
api/src/repositories/users.go:14.47,16.2 1 1
api/src/repositories/users.go:19.63,22.17 2 1
api/src/repositories/users.go:26.2,29.17 3 1
api/src/repositories/users.go:33.2,35.17 2 1
api/src/repositories/users.go:39.2,39.28 1 1
api/src/repositories/users.go:22.17,24.3 1 1
api/src/repositories/users.go:29.17,31.3 1 1
api/src/repositories/users.go:35.17,37.3 1 0
api/src/repositories/users.go:43.68,46.24 2 1
api/src/repositories/users.go:50.2,52.26 2 1
api/src/repositories/users.go:94.2,94.19 1 1
api/src/repositories/users.go:46.24,48.3 1 1
api/src/repositories/users.go:52.26,55.18 2 1
api/src/repositories/users.go:59.3,61.20 2 1
api/src/repositories/users.go:71.3,71.20 1 1
api/src/repositories/users.go:55.18,57.4 1 0
api/src/repositories/users.go:61.20,64.85 2 1
api/src/repositories/users.go:68.4,68.31 1 1
api/src/repositories/users.go:64.85,66.5 1 0
api/src/repositories/users.go:72.8,76.18 2 1
api/src/repositories/users.go:80.3,83.20 2 1
api/src/repositories/users.go:76.18,78.4 1 0
api/src/repositories/users.go:83.20,86.85 2 1
api/src/repositories/users.go:90.4,90.31 1 1
api/src/repositories/users.go:86.85,88.5 1 0
api/src/repositories/users.go:97.59,101.17 2 1
api/src/repositories/users.go:105.2,110.18 3 1
api/src/repositories/users.go:118.2,118.18 1 1
api/src/repositories/users.go:101.17,103.3 1 0
api/src/repositories/users.go:110.18,111.84 1 1
api/src/repositories/users.go:111.84,113.4 1 0
api/src/repositories/users.go:114.8,116.3 1 1
api/src/repositories/users.go:121.61,123.16 2 1
api/src/repositories/users.go:127.2,128.17 2 1
api/src/repositories/users.go:131.2,134.82 2 1
api/src/repositories/users.go:138.2,138.12 1 1
api/src/repositories/users.go:123.16,125.3 1 0
api/src/repositories/users.go:128.17,130.3 1 0
api/src/repositories/users.go:134.82,136.3 1 0
api/src/repositories/users.go:141.43,143.17 2 1
api/src/repositories/users.go:146.2,148.48 2 1
api/src/repositories/users.go:152.2,152.12 1 1
api/src/repositories/users.go:143.17,145.3 1 0
api/src/repositories/users.go:148.48,150.3 1 0
api/src/repositories/users.go:155.65,157.17 2 1
api/src/repositories/users.go:160.2,163.18 3 1
api/src/repositories/users.go:171.2,171.18 1 1
api/src/repositories/users.go:157.17,159.3 1 0
api/src/repositories/users.go:163.18,165.60 1 1
api/src/repositories/users.go:165.60,167.4 1 0
api/src/repositories/users.go:168.8,170.3 1 0
api/src/repositories/users.go:174.70,177.17 2 1
api/src/repositories/users.go:180.2,182.67 2 1
api/src/repositories/users.go:186.2,186.12 1 1
api/src/repositories/users.go:177.17,179.3 1 0
api/src/repositories/users.go:182.67,184.3 1 0
api/src/repositories/users.go:189.72,192.17 2 1
api/src/repositories/users.go:195.2,197.67 2 1
api/src/repositories/users.go:201.2,201.12 1 1
api/src/repositories/users.go:192.17,194.3 1 0
api/src/repositories/users.go:197.67,199.3 1 0
api/src/repositories/users.go:204.70,208.17 2 1
api/src/repositories/users.go:212.2,215.19 3 1
api/src/repositories/users.go:229.2,229.19 1 1
api/src/repositories/users.go:208.17,210.3 1 0
api/src/repositories/users.go:215.19,223.18 2 1
api/src/repositories/users.go:226.3,226.30 1 1
api/src/repositories/users.go:223.18,225.4 1 0
api/src/repositories/users.go:232.70,235.17 2 1
api/src/repositories/users.go:239.2,242.19 3 1
api/src/repositories/users.go:255.2,255.19 1 1
api/src/repositories/users.go:235.17,237.3 1 0
api/src/repositories/users.go:242.19,249.18 2 1
api/src/repositories/users.go:252.3,252.30 1 1
api/src/repositories/users.go:249.18,251.4 1 0
api/src/repositories/users.go:258.68,260.17 2 1
api/src/repositories/users.go:264.2,268.18 3 1
api/src/repositories/users.go:274.2,274.24 1 1
api/src/repositories/users.go:260.17,262.3 1 0
api/src/repositories/users.go:268.18,269.50 1 1
api/src/repositories/users.go:269.50,271.4 1 0
api/src/repositories/users.go:277.75,279.17 2 1
api/src/repositories/users.go:283.2,285.64 2 1
api/src/repositories/users.go:289.2,289.12 1 1
api/src/repositories/users.go:279.17,281.3 1 0
api/src/repositories/users.go:285.64,287.3 1 0
api/src/repositories/publications.go:13.57,15.2 1 1
api/src/repositories/publications.go:17.90,20.17 2 1
api/src/repositories/publications.go:24.2,27.17 3 1
api/src/repositories/publications.go:31.2,32.17 2 1
api/src/repositories/publications.go:36.2,36.35 1 1
api/src/repositories/publications.go:20.17,22.3 1 1
api/src/repositories/publications.go:27.17,29.3 1 0
api/src/repositories/publications.go:32.17,34.3 1 0
api/src/repositories/publications.go:39.104,47.17 2 0
api/src/repositories/publications.go:51.2,54.18 3 0
api/src/repositories/publications.go:68.2,68.25 1 0
api/src/repositories/publications.go:47.17,49.3 1 0
api/src/repositories/publications.go:54.18,63.18 1 0
api/src/repositories/publications.go:63.18,65.4 1 0
api/src/repositories/publications.go:72.99,82.17 2 0
api/src/repositories/publications.go:86.2,89.19 3 0
api/src/repositories/publications.go:105.2,105.29 1 0
api/src/repositories/publications.go:82.17,84.3 1 0
api/src/repositories/publications.go:89.19,99.18 2 0
api/src/repositories/publications.go:102.3,102.57 1 0
api/src/repositories/publications.go:99.18,101.4 1 0
api/src/repositories/publications.go:108.106,111.17 2 0
api/src/repositories/publications.go:115.2,117.102 2 0
api/src/repositories/publications.go:121.2,121.12 1 0
api/src/repositories/publications.go:111.17,113.3 1 0
api/src/repositories/publications.go:117.102,119.3 1 0
api/src/repositories/publications.go:124.72,128.17 2 0
api/src/repositories/publications.go:132.2,134.58 2 0
api/src/repositories/publications.go:138.2,138.12 1 0
api/src/repositories/publications.go:128.17,130.3 1 0
api/src/repositories/publications.go:134.58,136.3 1 0
api/src/repositories/publications.go:141.103,149.17 2 0
api/src/repositories/publications.go:153.2,156.19 3 0
api/src/repositories/publications.go:172.2,172.29 1 0
api/src/repositories/publications.go:149.17,151.3 1 0
api/src/repositories/publications.go:156.19,166.18 2 0
api/src/repositories/publications.go:169.3,169.57 1 0
api/src/repositories/publications.go:166.18,168.4 1 0
api/src/repositories/publications.go:175.81,179.17 2 0
api/src/repositories/publications.go:183.2,185.58 2 0
api/src/repositories/publications.go:189.2,189.12 1 0
api/src/repositories/publications.go:179.17,181.3 1 0
api/src/repositories/publications.go:185.58,187.3 1 0
api/src/repositories/publications.go:192.84,196.17 2 0
api/src/repositories/publications.go:200.2,202.58 2 0
api/src/repositories/publications.go:206.2,206.12 1 0
api/src/repositories/publications.go:196.17,198.3 1 0
api/src/repositories/publications.go:202.58,204.3 1 0
api/src/repositories/startContainer.go:14.120,24.16 3 1
api/src/repositories/startContainer.go:28.2,29.16 2 1
api/src/repositories/startContainer.go:33.2,34.16 2 1
api/src/repositories/startContainer.go:38.2,40.37 2 1
api/src/repositories/startContainer.go:47.2,47.38 1 1
api/src/repositories/startContainer.go:24.16,26.3 1 0
api/src/repositories/startContainer.go:29.16,31.3 1 0
api/src/repositories/startContainer.go:34.16,36.3 1 0
api/src/repositories/startContainer.go:40.37,41.55 1 1
api/src/repositories/startContainer.go:44.3,44.18 1 1
api/src/repositories/startContainer.go:41.55,43.4 1 0
