mode: set
api/src/repositories/publications.go:14.57,16.2 1 1
api/src/repositories/publications.go:18.90,21.17 2 1
api/src/repositories/publications.go:25.2,28.17 3 1
api/src/repositories/publications.go:32.2,33.17 2 1
api/src/repositories/publications.go:37.2,37.35 1 1
api/src/repositories/publications.go:21.17,23.3 1 1
api/src/repositories/publications.go:28.17,30.3 1 1
api/src/repositories/publications.go:33.17,35.3 1 0
api/src/repositories/publications.go:40.104,48.17 2 0
api/src/repositories/publications.go:52.2,55.18 3 0
api/src/repositories/publications.go:69.2,69.25 1 0
api/src/repositories/publications.go:48.17,50.3 1 0
api/src/repositories/publications.go:55.18,64.18 1 0
api/src/repositories/publications.go:64.18,66.4 1 0
api/src/repositories/publications.go:73.99,83.17 2 1
api/src/repositories/publications.go:87.2,91.19 4 1
api/src/repositories/publications.go:112.2,112.29 1 1
api/src/repositories/publications.go:83.17,85.3 1 1
api/src/repositories/publications.go:91.19,101.18 2 1
api/src/repositories/publications.go:105.3,106.20 2 1
api/src/repositories/publications.go:109.3,109.57 1 1
api/src/repositories/publications.go:101.18,103.4 1 0
api/src/repositories/publications.go:106.20,108.6 1 0
api/src/repositories/publications.go:115.106,118.17 2 0
api/src/repositories/publications.go:122.2,124.102 2 0
api/src/repositories/publications.go:128.2,128.12 1 0
api/src/repositories/publications.go:118.17,120.3 1 0
api/src/repositories/publications.go:124.102,126.3 1 0
api/src/repositories/publications.go:131.72,135.17 2 0
api/src/repositories/publications.go:139.2,141.58 2 0
api/src/repositories/publications.go:145.2,145.12 1 0
api/src/repositories/publications.go:135.17,137.3 1 0
api/src/repositories/publications.go:141.58,143.3 1 0
api/src/repositories/publications.go:148.103,156.17 2 0
api/src/repositories/publications.go:160.2,163.19 3 0
api/src/repositories/publications.go:179.2,179.29 1 0
api/src/repositories/publications.go:156.17,158.3 1 0
api/src/repositories/publications.go:163.19,173.18 2 0
api/src/repositories/publications.go:176.3,176.57 1 0
api/src/repositories/publications.go:173.18,175.4 1 0
api/src/repositories/publications.go:182.81,186.17 2 0
api/src/repositories/publications.go:190.2,192.58 2 0
api/src/repositories/publications.go:196.2,196.12 1 0
api/src/repositories/publications.go:186.17,188.3 1 0
api/src/repositories/publications.go:192.58,194.3 1 0
api/src/repositories/publications.go:199.84,203.17 2 0
api/src/repositories/publications.go:207.2,209.58 2 0
api/src/repositories/publications.go:213.2,213.12 1 0
api/src/repositories/publications.go:203.17,205.3 1 0
api/src/repositories/publications.go:209.58,211.3 1 0
api/src/repositories/startContainer.go:14.120,24.16 3 1
api/src/repositories/startContainer.go:28.2,29.16 2 1
api/src/repositories/startContainer.go:33.2,34.16 2 1
api/src/repositories/startContainer.go:38.2,40.37 2 1
api/src/repositories/startContainer.go:47.2,47.38 1 1
api/src/repositories/startContainer.go:24.16,26.3 1 0
api/src/repositories/startContainer.go:29.16,31.3 1 0
api/src/repositories/startContainer.go:34.16,36.3 1 0
api/src/repositories/startContainer.go:40.37,41.55 1 1
api/src/repositories/startContainer.go:44.3,44.18 1 1
api/src/repositories/startContainer.go:41.55,43.4 1 0
api/src/repositories/users.go:14.47,16.2 1 1
api/src/repositories/users.go:19.63,22.17 2 1
api/src/repositories/users.go:26.2,29.17 3 1
api/src/repositories/users.go:33.2,35.17 2 1
api/src/repositories/users.go:39.2,39.28 1 1
api/src/repositories/users.go:22.17,24.3 1 1
api/src/repositories/users.go:29.17,31.3 1 1
api/src/repositories/users.go:35.17,37.3 1 0
api/src/repositories/users.go:43.68,46.24 2 1
api/src/repositories/users.go:50.2,52.26 2 1
api/src/repositories/users.go:94.2,94.19 1 1
api/src/repositories/users.go:46.24,48.3 1 1
api/src/repositories/users.go:52.26,55.18 2 1
api/src/repositories/users.go:59.3,61.20 2 1
api/src/repositories/users.go:71.3,71.20 1 1
api/src/repositories/users.go:55.18,57.4 1 0
api/src/repositories/users.go:61.20,64.85 2 1
api/src/repositories/users.go:68.4,68.31 1 1
api/src/repositories/users.go:64.85,66.5 1 0
api/src/repositories/users.go:72.8,76.18 2 1
api/src/repositories/users.go:80.3,83.20 2 1
api/src/repositories/users.go:76.18,78.4 1 0
api/src/repositories/users.go:83.20,86.85 2 1
api/src/repositories/users.go:90.4,90.31 1 1
api/src/repositories/users.go:86.85,88.5 1 0
api/src/repositories/users.go:97.59,101.17 2 1
api/src/repositories/users.go:105.2,110.18 3 1
api/src/repositories/users.go:118.2,118.18 1 1
api/src/repositories/users.go:101.17,103.3 1 0
api/src/repositories/users.go:110.18,111.84 1 1
api/src/repositories/users.go:111.84,113.4 1 0
api/src/repositories/users.go:114.8,116.3 1 1
api/src/repositories/users.go:121.61,123.16 2 1
api/src/repositories/users.go:127.2,128.17 2 1
api/src/repositories/users.go:131.2,134.82 2 1
api/src/repositories/users.go:138.2,138.12 1 1
api/src/repositories/users.go:123.16,125.3 1 0
api/src/repositories/users.go:128.17,130.3 1 0
api/src/repositories/users.go:134.82,136.3 1 0
api/src/repositories/users.go:141.43,143.17 2 1
api/src/repositories/users.go:146.2,148.48 2 1
api/src/repositories/users.go:152.2,152.12 1 1
api/src/repositories/users.go:143.17,145.3 1 0
api/src/repositories/users.go:148.48,150.3 1 0
api/src/repositories/users.go:155.65,157.17 2 1
api/src/repositories/users.go:160.2,163.18 3 1
api/src/repositories/users.go:171.2,171.18 1 1
api/src/repositories/users.go:157.17,159.3 1 0
api/src/repositories/users.go:163.18,165.60 1 1
api/src/repositories/users.go:165.60,167.4 1 0
api/src/repositories/users.go:168.8,170.3 1 0
api/src/repositories/users.go:174.70,177.17 2 1
api/src/repositories/users.go:180.2,182.67 2 1
api/src/repositories/users.go:186.2,186.12 1 1
api/src/repositories/users.go:177.17,179.3 1 0
api/src/repositories/users.go:182.67,184.3 1 0
api/src/repositories/users.go:189.72,192.17 2 1
api/src/repositories/users.go:195.2,197.67 2 1
api/src/repositories/users.go:201.2,201.12 1 1
api/src/repositories/users.go:192.17,194.3 1 0
api/src/repositories/users.go:197.67,199.3 1 0
api/src/repositories/users.go:204.70,208.17 2 1
api/src/repositories/users.go:212.2,215.19 3 1
api/src/repositories/users.go:229.2,229.19 1 1
api/src/repositories/users.go:208.17,210.3 1 0
api/src/repositories/users.go:215.19,223.18 2 1
api/src/repositories/users.go:226.3,226.30 1 1
api/src/repositories/users.go:223.18,225.4 1 0
api/src/repositories/users.go:232.70,235.17 2 1
api/src/repositories/users.go:239.2,242.19 3 1
api/src/repositories/users.go:255.2,255.19 1 1
api/src/repositories/users.go:235.17,237.3 1 0
api/src/repositories/users.go:242.19,249.18 2 1
api/src/repositories/users.go:252.3,252.30 1 1
api/src/repositories/users.go:249.18,251.4 1 0
api/src/repositories/users.go:258.68,260.17 2 1
api/src/repositories/users.go:264.2,268.18 3 1
api/src/repositories/users.go:274.2,274.24 1 1
api/src/repositories/users.go:260.17,262.3 1 0
api/src/repositories/users.go:268.18,269.50 1 1
api/src/repositories/users.go:269.50,271.4 1 0
api/src/repositories/users.go:277.75,279.17 2 1
api/src/repositories/users.go:283.2,285.64 2 1
api/src/repositories/users.go:289.2,289.12 1 1
api/src/repositories/users.go:279.17,281.3 1 0
api/src/repositories/users.go:285.64,287.3 1 0
